<?xml version="1.0" encoding="UTF-8"?>
<testng-results skipped="0" failed="0" ignored="0" total="1" passed="1">
  <reporter-output>
  </reporter-output>
  <suite name="automation testcases" duration-ms="33" started-at="2018-12-21T08:46:51Z" finished-at="2018-12-21T08:46:51Z">
    <groups>
    </groups>
    <test name="smoke testcases" duration-ms="33" started-at="2018-12-21T08:46:51Z" finished-at="2018-12-21T08:46:51Z">
      <class name="com.codebind.Test1">
        <test-method status="PASS" signature="a1()[pri:0, instance:com.codebind.Test1@fc185]" name="a1" duration-ms="10" started-at="2018-12-21T08:46:51Z" finished-at="2018-12-21T08:46:51Z">
          <reporter-output>
          </reporter-output>
        </test-method> <!-- a1 -->
      </class> <!-- com.codebind.Test1 -->
    </test> <!-- smoke testcases -->
  </suite> <!-- automation testcases -->
</testng-results>
