<?xml version="1.0" encoding="UTF-8"?>
<testng-results skipped="0" failed="0" ignored="0" total="1" passed="1">
  <reporter-output>
  </reporter-output>
  <suite name="automation testcases" duration-ms="16" started-at="2018-12-21T14:21:47Z" finished-at="2018-12-21T14:21:47Z">
    <groups>
    </groups>
    <test name="smoke testcases" duration-ms="16" started-at="2018-12-21T14:21:47Z" finished-at="2018-12-21T14:21:47Z">
      <class name="com.app.Test2">
        <test-method status="PASS" signature="b1()[pri:0, instance:com.app.Test2@11d970]" name="b1" duration-ms="0" started-at="2018-12-21T14:21:47Z" finished-at="2018-12-21T14:21:47Z">
          <reporter-output>
          </reporter-output>
        </test-method> <!-- b1 -->
      </class> <!-- com.app.Test2 -->
    </test> <!-- smoke testcases -->
  </suite> <!-- automation testcases -->
</testng-results>
